# JRE version: OpenJDK Runtime Environment Temurin-11.0.12+7 (11.0.12+7) (build 11.0.12+7)
# Java VM: OpenJDK 64-Bit Server VM Temurin-11.0.12+7 (11.0.12+7, mixed mode, tiered, compressed oops, parallel gc, windows-amd64)
Heap:
 PSYoungGen      total 27136K, used 2938K [0x00000000eab00000, 0x00000000ecf80000, 0x0000000100000000)
  eden space 23040K, 12% used [0x00000000eab00000,0x00000000eaddeb50,0x00000000ec180000)
  from space 4096K, 0% used [0x00000000ecb80000,0x00000000ecb80000,0x00000000ecf80000)
  to   space 5120K, 0% used [0x00000000ec580000,0x00000000ec580000,0x00000000eca80000)
 ParOldGen       total 68608K, used 24114K [0x00000000c0000000, 0x00000000c4300000, 0x00000000eab00000)
  object space 68608K, 35% used [0x00000000c0000000,0x00000000c178caa0,0x00000000c4300000)
 Metaspace       used 34308K, capacity 36155K, committed 36224K, reserved 1081344K
  class space    used 3230K, capacity 3906K, committed 3968K, reserved 1048576K
GC Heap History (20 events):
Event: 21.497 GC heap before
{Heap before GC invocations=1 (full 0):
 PSYoungGen      total 29696K, used 25600K [0x00000000eab00000, 0x00000000ecc00000, 0x0000000100000000)
  eden space 25600K, 100% used [0x00000000eab00000,0x00000000ec400000,0x00000000ec400000)
  from space 4096K, 0% used [0x00000000ec800000,0x00000000ec800000,0x00000000ecc00000)
  to   space 4096K, 0% used [0x00000000ec400000,0x00000000ec400000,0x00000000ec800000)
 ParOldGen       total 68608K, used 0K [0x00000000c0000000, 0x00000000c4300000, 0x00000000eab00000)
  object space 68608K, 0% used [0x00000000c0000000,0x00000000c0000000,0x00000000c4300000)
 Metaspace       used 13706K, capacity 14090K, committed 14208K, reserved 1062912K
  class space    used 1262K, capacity 1378K, committed 1408K, reserved 1048576K
}
Event: 21.518 GC heap after
{Heap after GC invocations=1 (full 0):
 PSYoungGen      total 29696K, used 3915K [0x00000000eab00000, 0x00000000ecc00000, 0x0000000100000000)
  eden space 25600K, 0% used [0x00000000eab00000,0x00000000eab00000,0x00000000ec400000)
  from space 4096K, 95% used [0x00000000ec400000,0x00000000ec7d2ce0,0x00000000ec800000)
  to   space 4096K, 0% used [0x00000000ec800000,0x00000000ec800000,0x00000000ecc00000)
 ParOldGen       total 68608K, used 16K [0x00000000c0000000, 0x00000000c4300000, 0x00000000eab00000)
  object space 68608K, 0% used [0x00000000c0000000,0x00000000c0004000,0x00000000c4300000)
 Metaspace       used 13706K, capacity 14090K, committed 14208K, reserved 1062912K
  class space    used 1262K, capacity 1378K, committed 1408K, reserved 1048576K
}
Event: 37.100 GC heap before
{Heap before GC invocations=2 (full 0):
 PSYoungGen      total 29696K, used 17194K [0x00000000eab00000, 0x00000000ecc00000, 0x0000000100000000)
  eden space 25600K, 51% used [0x00000000eab00000,0x00000000eb7f7d50,0x00000000ec400000)
  from space 4096K, 95% used [0x00000000ec400000,0x00000000ec7d2ce0,0x00000000ec800000)
  to   space 4096K, 0% used [0x00000000ec800000,0x00000000ec800000,0x00000000ecc00000)
 ParOldGen       total 68608K, used 16K [0x00000000c0000000, 0x00000000c4300000, 0x00000000eab00000)
  object space 68608K, 0% used [0x00000000c0000000,0x00000000c0004000,0x00000000c4300000)
 Metaspace       used 20094K, capacity 21120K, committed 21248K, reserved 1069056K
  class space    used 1891K, capacity 2237K, committed 2304K, reserved 1048576K
}
Event: 37.126 GC heap after
{Heap after GC invocations=2 (full 0):
 PSYoungGen      total 29696K, used 4076K [0x00000000eab00000, 0x00000000ecc00000, 0x0000000100000000)
  eden space 25600K, 0% used [0x00000000eab00000,0x00000000eab00000,0x00000000ec400000)
  from space 4096K, 99% used [0x00000000ec800000,0x00000000ecbfb098,0x00000000ecc00000)
  to   space 4096K, 0% used [0x00000000ec400000,0x00000000ec400000,0x00000000ec800000)
 ParOldGen       total 68608K, used 1623K [0x00000000c0000000, 0x00000000c4300000, 0x00000000eab00000)
  object space 68608K, 2% used [0x00000000c0000000,0x00000000c0195e18,0x00000000c4300000)
 Metaspace       used 20094K, capacity 21120K, committed 21248K, reserved 1069056K
  class space    used 1891K, capacity 2237K, committed 2304K, reserved 1048576K
}
Event: 37.126 GC heap before
{Heap before GC invocations=3 (full 1):
 PSYoungGen      total 29696K, used 4076K [0x00000000eab00000, 0x00000000ecc00000, 0x0000000100000000)
  eden space 25600K, 0% used [0x00000000eab00000,0x00000000eab00000,0x00000000ec400000)
  from space 4096K, 99% used [0x00000000ec800000,0x00000000ecbfb098,0x00000000ecc00000)
  to   space 4096K, 0% used [0x00000000ec400000,0x00000000ec400000,0x00000000ec800000)
 ParOldGen       total 68608K, used 1623K [0x00000000c0000000, 0x00000000c4300000, 0x00000000eab00000)
  object space 68608K, 2% used [0x00000000c0000000,0x00000000c0195e18,0x00000000c4300000)
 Metaspace       used 20094K, capacity 21120K, committed 21248K, reserved 1069056K
  class space    used 1891K, capacity 2237K, committed 2304K, reserved 1048576K
}
Event: 37.382 GC heap after
{Heap after GC invocations=3 (full 1):
 PSYoungGen      total 29696K, used 0K [0x00000000eab00000, 0x00000000ecc00000, 0x0000000100000000)
  eden space 25600K, 0% used [0x00000000eab00000,0x00000000eab00000,0x00000000ec400000)
  from space 4096K, 0% used [0x00000000ec800000,0x00000000ec800000,0x00000000ecc00000)
  to   space 4096K, 0% used [0x00000000ec400000,0x00000000ec400000,0x00000000ec800000)
 ParOldGen       total 68608K, used 5641K [0x00000000c0000000, 0x00000000c4300000, 0x00000000eab00000)
  object space 68608K, 8% used [0x00000000c0000000,0x00000000c0582628,0x00000000c4300000)
 Metaspace       used 20094K, capacity 21120K, committed 21248K, reserved 1069056K
  class space    used 1891K, capacity 2237K, committed 2304K, reserved 1048576K
}
Event: 49.035 GC heap before
{Heap before GC invocations=4 (full 1):
 PSYoungGen      total 29696K, used 25600K [0x00000000eab00000, 0x00000000ecc00000, 0x0000000100000000)
  eden space 25600K, 100% used [0x00000000eab00000,0x00000000ec400000,0x00000000ec400000)
  from space 4096K, 0% used [0x00000000ec800000,0x00000000ec800000,0x00000000ecc00000)
  to   space 4096K, 0% used [0x00000000ec400000,0x00000000ec400000,0x00000000ec800000)
 ParOldGen       total 68608K, used 5641K [0x00000000c0000000, 0x00000000c4300000, 0x00000000eab00000)
  object space 68608K, 8% used [0x00000000c0000000,0x00000000c0582628,0x00000000c4300000)
 Metaspace       used 27003K, capacity 28584K, committed 28800K, reserved 1075200K
  class space    used 2571K, capacity 3179K, committed 3200K, reserved 1048576K
}
Event: 49.044 GC heap after
{Heap after GC invocations=4 (full 1):
 PSYoungGen      total 29696K, used 2611K [0x00000000eab00000, 0x00000000ecc00000, 0x0000000100000000)
  eden space 25600K, 0% used [0x00000000eab00000,0x00000000eab00000,0x00000000ec400000)
  from space 4096K, 63% used [0x00000000ec400000,0x00000000ec68ce68,0x00000000ec800000)
  to   space 4096K, 0% used [0x00000000ec800000,0x00000000ec800000,0x00000000ecc00000)
 ParOldGen       total 68608K, used 5657K [0x00000000c0000000, 0x00000000c4300000, 0x00000000eab00000)
  object space 68608K, 8% used [0x00000000c0000000,0x00000000c0586640,0x00000000c4300000)
 Metaspace       used 27003K, capacity 28584K, committed 28800K, reserved 1075200K
  class space    used 2571K, capacity 3179K, committed 3200K, reserved 1048576K
}
Event: 54.944 GC heap before
{Heap before GC invocations=5 (full 1):
 PSYoungGen      total 29696K, used 28211K [0x00000000eab00000, 0x00000000ecc00000, 0x0000000100000000)
  eden space 25600K, 100% used [0x00000000eab00000,0x00000000ec400000,0x00000000ec400000)
  from space 4096K, 63% used [0x00000000ec400000,0x00000000ec68ce68,0x00000000ec800000)
  to   space 4096K, 0% used [0x00000000ec800000,0x00000000ec800000,0x00000000ecc00000)
 ParOldGen       total 68608K, used 5657K [0x00000000c0000000, 0x00000000c4300000, 0x00000000eab00000)
  object space 68608K, 8% used [0x00000000c0000000,0x00000000c0586640,0x00000000c4300000)
 Metaspace       used 30439K, capacity 32189K, committed 32256K, reserved 1077248K
  class space    used 2926K, capacity 3566K, committed 3584K, reserved 1048576K
}
Event: 54.970 GC heap after
{Heap after GC invocations=5 (full 1):
 PSYoungGen      total 29696K, used 4079K [0x00000000eab00000, 0x00000000ecc00000, 0x0000000100000000)
  eden space 25600K, 0% used [0x00000000eab00000,0x00000000eab00000,0x00000000ec400000)
  from space 4096K, 99% used [0x00000000ec800000,0x00000000ecbfbe90,0x00000000ecc00000)
  to   space 4096K, 0% used [0x00000000ec400000,0x00000000ec400000,0x00000000ec800000)
 ParOldGen       total 68608K, used 6713K [0x00000000c0000000, 0x00000000c4300000, 0x00000000eab00000)
  object space 68608K, 9% used [0x00000000c0000000,0x00000000c068e6a0,0x00000000c4300000)
 Metaspace       used 30439K, capacity 32189K, committed 32256K, reserved 1077248K
  class space    used 2926K, capacity 3566K, committed 3584K, reserved 1048576K
}
Event: 55.509 GC heap before
{Heap before GC invocations=6 (full 1):
 PSYoungGen      total 29696K, used 29679K [0x00000000eab00000, 0x00000000ecc00000, 0x0000000100000000)
  eden space 25600K, 100% used [0x00000000eab00000,0x00000000ec400000,0x00000000ec400000)
  from space 4096K, 99% used [0x00000000ec800000,0x00000000ecbfbe90,0x00000000ecc00000)
  to   space 4096K, 0% used [0x00000000ec400000,0x00000000ec400000,0x00000000ec800000)
 ParOldGen       total 68608K, used 6713K [0x00000000c0000000, 0x00000000c4300000, 0x00000000eab00000)
  object space 68608K, 9% used [0x00000000c0000000,0x00000000c068e6a0,0x00000000c4300000)
 Metaspace       used 30546K, capacity 32318K, committed 32512K, reserved 1079296K
  class space    used 2930K, capacity 3566K, committed 3584K, reserved 1048576K
}
Event: 55.525 GC heap after
{Heap after GC invocations=6 (full 1):
 PSYoungGen      total 29184K, used 4069K [0x00000000eab00000, 0x00000000ed180000, 0x0000000100000000)
  eden space 25088K, 0% used [0x00000000eab00000,0x00000000eab00000,0x00000000ec380000)
  from space 4096K, 99% used [0x00000000ec400000,0x00000000ec7f9790,0x00000000ec800000)
  to   space 7168K, 0% used [0x00000000eca80000,0x00000000eca80000,0x00000000ed180000)
 ParOldGen       total 68608K, used 9001K [0x00000000c0000000, 0x00000000c4300000, 0x00000000eab00000)
  object space 68608K, 13% used [0x00000000c0000000,0x00000000c08ca6d0,0x00000000c4300000)
 Metaspace       used 30546K, capacity 32318K, committed 32512K, reserved 1079296K
  class space    used 2930K, capacity 3566K, committed 3584K, reserved 1048576K
}
Event: 55.780 GC heap before
{Heap before GC invocations=7 (full 1):
 PSYoungGen      total 29184K, used 29157K [0x00000000eab00000, 0x00000000ed180000, 0x0000000100000000)
  eden space 25088K, 100% used [0x00000000eab00000,0x00000000ec380000,0x00000000ec380000)
  from space 4096K, 99% used [0x00000000ec400000,0x00000000ec7f9790,0x00000000ec800000)
  to   space 7168K, 0% used [0x00000000eca80000,0x00000000eca80000,0x00000000ed180000)
 ParOldGen       total 68608K, used 9001K [0x00000000c0000000, 0x00000000c4300000, 0x00000000eab00000)
  object space 68608K, 13% used [0x00000000c0000000,0x00000000c08ca6d0,0x00000000c4300000)
 Metaspace       used 30614K, capacity 32382K, committed 32512K, reserved 1079296K
  class space    used 2934K, capacity 3566K, committed 3584K, reserved 1048576K
}
Event: 55.796 GC heap after
{Heap after GC invocations=7 (full 1):
 PSYoungGen      total 31232K, used 6373K [0x00000000eab00000, 0x00000000ed100000, 0x0000000100000000)
  eden space 24576K, 0% used [0x00000000eab00000,0x00000000eab00000,0x00000000ec300000)
  from space 6656K, 95% used [0x00000000eca80000,0x00000000ed0b9790,0x00000000ed100000)
  to   space 6656K, 0% used [0x00000000ec400000,0x00000000ec400000,0x00000000eca80000)
 ParOldGen       total 68608K, used 9001K [0x00000000c0000000, 0x00000000c4300000, 0x00000000eab00000)
  object space 68608K, 13% used [0x00000000c0000000,0x00000000c08ca6d0,0x00000000c4300000)
 Metaspace       used 30614K, capacity 32382K, committed 32512K, reserved 1079296K
  class space    used 2934K, capacity 3566K, committed 3584K, reserved 1048576K
}
Event: 55.987 GC heap before
{Heap before GC invocations=8 (full 1):
 PSYoungGen      total 31232K, used 30949K [0x00000000eab00000, 0x00000000ed100000, 0x0000000100000000)
  eden space 24576K, 100% used [0x00000000eab00000,0x00000000ec300000,0x00000000ec300000)
  from space 6656K, 95% used [0x00000000eca80000,0x00000000ed0b9790,0x00000000ed100000)
  to   space 6656K, 0% used [0x00000000ec400000,0x00000000ec400000,0x00000000eca80000)
 ParOldGen       total 68608K, used 9001K [0x00000000c0000000, 0x00000000c4300000, 0x00000000eab00000)
  object space 68608K, 13% used [0x00000000c0000000,0x00000000c08ca6d0,0x00000000c4300000)
 Metaspace       used 30702K, capacity 32446K, committed 32512K, reserved 1079296K
  class space    used 2943K, capacity 3566K, committed 3584K, reserved 1048576K
}
Event: 56.008 GC heap after
{Heap after GC invocations=8 (full 1):
 PSYoungGen      total 30720K, used 6634K [0x00000000eab00000, 0x00000000ed580000, 0x0000000100000000)
  eden space 24064K, 0% used [0x00000000eab00000,0x00000000eab00000,0x00000000ec280000)
  from space 6656K, 99% used [0x00000000ec400000,0x00000000eca7a868,0x00000000eca80000)
  to   space 9728K, 0% used [0x00000000ecc00000,0x00000000ecc00000,0x00000000ed580000)
 ParOldGen       total 68608K, used 11512K [0x00000000c0000000, 0x00000000c4300000, 0x00000000eab00000)
  object space 68608K, 16% used [0x00000000c0000000,0x00000000c0b3e140,0x00000000c4300000)
 Metaspace       used 30702K, capacity 32446K, committed 32512K, reserved 1079296K
  class space    used 2943K, capacity 3566K, committed 3584K, reserved 1048576K
}
Event: 56.132 GC heap before
{Heap before GC invocations=9 (full 1):
 PSYoungGen      total 30720K, used 30698K [0x00000000eab00000, 0x00000000ed580000, 0x0000000100000000)
  eden space 24064K, 100% used [0x00000000eab00000,0x00000000ec280000,0x00000000ec280000)
  from space 6656K, 99% used [0x00000000ec400000,0x00000000eca7a868,0x00000000eca80000)
  to   space 9728K, 0% used [0x00000000ecc00000,0x00000000ecc00000,0x00000000ed580000)
 ParOldGen       total 68608K, used 11512K [0x00000000c0000000, 0x00000000c4300000, 0x00000000eab00000)
  object space 68608K, 16% used [0x00000000c0000000,0x00000000c0b3e140,0x00000000c4300000)
 Metaspace       used 30702K, capacity 32446K, committed 32512K, reserved 1079296K
  class space    used 2943K, capacity 3566K, committed 3584K, reserved 1048576K
}
Event: 56.155 GC heap after
{Heap after GC invocations=9 (full 1):
 PSYoungGen      total 30720K, used 6770K [0x00000000eab00000, 0x00000000ed300000, 0x0000000100000000)
  eden space 23552K, 0% used [0x00000000eab00000,0x00000000eab00000,0x00000000ec200000)
  from space 7168K, 94% used [0x00000000ecc00000,0x00000000ed29cb38,0x00000000ed300000)
  to   space 7680K, 0% used [0x00000000ec400000,0x00000000ec400000,0x00000000ecb80000)
 ParOldGen       total 68608K, used 13959K [0x00000000c0000000, 0x00000000c4300000, 0x00000000eab00000)
  object space 68608K, 20% used [0x00000000c0000000,0x00000000c0da1e20,0x00000000c4300000)
 Metaspace       used 30702K, capacity 32446K, committed 32512K, reserved 1079296K
  class space    used 2943K, capacity 3566K, committed 3584K, reserved 1048576K
}
Event: 56.809 GC heap before
{Heap before GC invocations=10 (full 1):
 PSYoungGen      total 30720K, used 30322K [0x00000000eab00000, 0x00000000ed300000, 0x0000000100000000)
  eden space 23552K, 100% used [0x00000000eab00000,0x00000000ec200000,0x00000000ec200000)
  from space 7168K, 94% used [0x00000000ecc00000,0x00000000ed29cb38,0x00000000ed300000)
  to   space 7680K, 0% used [0x00000000ec400000,0x00000000ec400000,0x00000000ecb80000)
 ParOldGen       total 68608K, used 13959K [0x00000000c0000000, 0x00000000c4300000, 0x00000000eab00000)
  object space 68608K, 20% used [0x00000000c0000000,0x00000000c0da1e20,0x00000000c4300000)
 Metaspace       used 31072K, capacity 32922K, committed 33152K, reserved 1079296K
  class space    used 2973K, capacity 3639K, committed 3712K, reserved 1048576K
}
Event: 56.831 GC heap after
{Heap after GC invocations=10 (full 1):
 PSYoungGen      total 30720K, used 7340K [0x00000000eab00000, 0x00000000ed080000, 0x0000000100000000)
  eden space 23040K, 0% used [0x00000000eab00000,0x00000000eab00000,0x00000000ec180000)
  from space 7680K, 95% used [0x00000000ec400000,0x00000000ecb2b2c8,0x00000000ecb80000)
  to   space 5120K, 0% used [0x00000000ecb80000,0x00000000ecb80000,0x00000000ed080000)
 ParOldGen       total 68608K, used 16534K [0x00000000c0000000, 0x00000000c4300000, 0x00000000eab00000)
  object space 68608K, 24% used [0x00000000c0000000,0x00000000c1025990,0x00000000c4300000)
 Metaspace       used 31072K, capacity 32922K, committed 33152K, reserved 1079296K
  class space    used 2973K, capacity 3639K, committed 3712K, reserved 1048576K
}

